2022-05-26 22:28:25,255 INFO o.a.j.u.JMeterUtils: Setting Locale to en_EN
2022-05-26 22:28:25,273 INFO o.a.j.JMeter: Loading user properties from: /usr/local/Cellar/jmeter/5.4.3/libexec/bin/user.properties
2022-05-26 22:28:25,274 INFO o.a.j.JMeter: Loading system properties from: /usr/local/Cellar/jmeter/5.4.3/libexec/bin/system.properties
2022-05-26 22:28:25,275 INFO o.a.j.JMeter: Setting JMeter property: THREADS=128
2022-05-26 22:28:25,275 INFO o.a.j.JMeter: Setting JMeter property: SCALESET=sf1
2022-05-26 22:28:25,275 INFO o.a.j.JMeter: Setting JMeter property: LOOPS=1
2022-05-26 22:28:25,280 INFO o.a.j.JMeter: Copyright (c) 1998-2021 The Apache Software Foundation
2022-05-26 22:28:25,280 INFO o.a.j.JMeter: Version 5.4.3
2022-05-26 22:28:25,280 INFO o.a.j.JMeter: java.version=18.0.1
2022-05-26 22:28:25,280 INFO o.a.j.JMeter: java.vm.name=OpenJDK 64-Bit Server VM
2022-05-26 22:28:25,281 INFO o.a.j.JMeter: os.name=Mac OS X
2022-05-26 22:28:25,281 INFO o.a.j.JMeter: os.arch=x86_64
2022-05-26 22:28:25,281 INFO o.a.j.JMeter: os.version=12.3.1
2022-05-26 22:28:25,281 INFO o.a.j.JMeter: file.encoding=UTF-8
2022-05-26 22:28:25,281 INFO o.a.j.JMeter: java.awt.headless=true
2022-05-26 22:28:25,281 INFO o.a.j.JMeter: Max memory     =1073741824
2022-05-26 22:28:25,281 INFO o.a.j.JMeter: Available Processors =16
2022-05-26 22:28:25,288 INFO o.a.j.JMeter: Default Locale=English (EN)
2022-05-26 22:28:25,288 INFO o.a.j.JMeter: JMeter  Locale=English (EN)
2022-05-26 22:28:25,288 INFO o.a.j.JMeter: JMeterHome=/usr/local/Cellar/jmeter/5.4.3/libexec
2022-05-26 22:28:25,288 INFO o.a.j.JMeter: user.dir  =/Users/rob/git/bigbang/perf
2022-05-26 22:28:25,288 INFO o.a.j.JMeter: PWD       =/Users/rob/git/bigbang/perf
2022-05-26 22:28:25,295 INFO o.a.j.JMeter: IP: 192.168.178.113 Name: StarburstMac.fritz.box FullName: starburstmac.fritz.box
2022-05-26 22:28:25,302 INFO o.a.j.s.FileServer: Default base='/Users/rob/git/bigbang/perf'
2022-05-26 22:28:25,302 INFO o.a.j.s.FileServer: Set new base='/Users/rob/git/bigbang/perf'
2022-05-26 22:28:25,476 INFO o.a.j.s.SaveService: Testplan (JMX) version: 2.2. Testlog (JTL) version: 2.2
2022-05-26 22:28:25,498 INFO o.a.j.s.SaveService: Using SaveService properties version 5.0
2022-05-26 22:28:25,500 INFO o.a.j.s.SaveService: Using SaveService properties file encoding UTF-8
2022-05-26 22:28:25,502 INFO o.a.j.s.SaveService: Loading file: run_tpcds.jmx
2022-05-26 22:28:25,579 INFO o.a.j.JMeter: Creating summariser <summary>
2022-05-26 22:28:25,584 INFO o.a.j.e.StandardJMeterEngine: Running the test!
2022-05-26 22:28:25,585 INFO o.a.j.s.SampleEvent: List of sample_variables: []
2022-05-26 22:28:25,585 INFO o.a.j.s.SampleEvent: List of sample_variables: []
2022-05-26 22:28:25,590 INFO o.a.j.e.u.CompoundVariable: Note: Function class names must contain the string: '.functions.'
2022-05-26 22:28:25,590 INFO o.a.j.e.u.CompoundVariable: Note: Function class names must not contain the string: '.gui.'
2022-05-26 22:28:25,706 INFO o.a.j.JMeter: Running test (1653600505706)
2022-05-26 22:28:25,732 INFO o.a.j.e.StandardJMeterEngine: Starting ThreadGroup: 1 : Thread Group
2022-05-26 22:28:25,732 INFO o.a.j.e.StandardJMeterEngine: Starting 128 threads for group Thread Group.
2022-05-26 22:28:25,732 INFO o.a.j.e.StandardJMeterEngine: Test will stop on error
2022-05-26 22:28:25,732 INFO o.a.j.t.ThreadGroup: Starting thread group... number=1 threads=128 ramp-up=30 delayedStart=false
2022-05-26 22:28:25,748 INFO o.a.j.t.JMeterThread: Thread started: Thread Group 1-1
2022-05-26 22:28:25,752 INFO o.a.j.s.SampleResult: Note: Sample TimeStamps are START times
2022-05-26 22:28:25,752 INFO o.a.j.s.SampleResult: sampleresult.default.encoding is set to ISO-8859-1
2022-05-26 22:28:25,752 INFO o.a.j.s.SampleResult: sampleresult.useNanoTime=true
2022-05-26 22:28:25,752 INFO o.a.j.s.SampleResult: sampleresult.nanoThreadSleep=5000
2022-05-26 22:28:25,863 INFO o.a.j.t.ThreadGroup: Started thread group number 1
2022-05-26 22:28:25,863 INFO o.a.j.e.StandardJMeterEngine: All thread groups have been started
2022-05-26 22:28:25,981 INFO o.a.j.t.JMeterThread: Thread started: Thread Group 1-2
2022-05-26 22:28:26,216 INFO o.a.j.t.JMeterThread: Thread started: Thread Group 1-3
2022-05-26 22:28:26,448 INFO o.a.j.t.JMeterThread: Thread started: Thread Group 1-4
2022-05-26 22:28:26,691 INFO o.a.j.t.JMeterThread: Thread started: Thread Group 1-5
2022-05-26 22:28:26,916 INFO o.a.j.t.JMeterThread: Thread started: Thread Group 1-6
2022-05-26 22:28:27,154 INFO o.a.j.t.JMeterThread: Thread started: Thread Group 1-7
2022-05-26 22:28:27,388 INFO o.a.j.t.JMeterThread: Thread started: Thread Group 1-8
2022-05-26 22:28:27,618 INFO o.a.j.t.JMeterThread: Thread started: Thread Group 1-9
2022-05-26 22:28:27,849 INFO o.a.j.t.JMeterThread: Thread started: Thread Group 1-10
2022-05-26 22:28:28,089 INFO o.a.j.t.JMeterThread: Thread started: Thread Group 1-11
2022-05-26 22:28:28,318 INFO o.a.j.t.JMeterThread: Thread started: Thread Group 1-12
2022-05-26 22:28:28,554 INFO o.a.j.t.JMeterThread: Thread started: Thread Group 1-13
2022-05-26 22:28:28,793 INFO o.a.j.t.JMeterThread: Thread started: Thread Group 1-14
2022-05-26 22:28:29,023 INFO o.a.j.t.JMeterThread: Thread started: Thread Group 1-15
2022-05-26 22:28:29,264 INFO o.a.j.t.JMeterThread: Thread started: Thread Group 1-16
2022-05-26 22:28:29,497 INFO o.a.j.t.JMeterThread: Thread started: Thread Group 1-17
2022-05-26 22:28:29,727 INFO o.a.j.t.JMeterThread: Thread started: Thread Group 1-18
2022-05-26 22:28:29,964 INFO o.a.j.t.JMeterThread: Thread started: Thread Group 1-19
2022-05-26 22:28:30,186 INFO o.a.j.r.Summariser: summary +     22 in 00:00:04 =    4.9/s Avg:  1187 Min:   578 Max:  1871 Err:     0 (0.00%) Active: 19 Started: 19 Finished: 0
2022-05-26 22:28:30,197 INFO o.a.j.t.JMeterThread: Thread started: Thread Group 1-20
2022-05-26 22:28:30,425 INFO o.a.j.t.JMeterThread: Thread started: Thread Group 1-21
2022-05-26 22:28:30,664 INFO o.a.j.t.JMeterThread: Thread started: Thread Group 1-22
2022-05-26 22:28:30,898 INFO o.a.j.t.JMeterThread: Thread started: Thread Group 1-23
2022-05-26 22:28:31,126 INFO o.a.j.t.JMeterThread: Thread started: Thread Group 1-24
2022-05-26 22:28:31,364 INFO o.a.j.t.JMeterThread: Thread started: Thread Group 1-25
2022-05-26 22:28:31,604 INFO o.a.j.t.JMeterThread: Thread started: Thread Group 1-26
2022-05-26 22:28:31,828 INFO o.a.j.t.JMeterThread: Thread started: Thread Group 1-27
2022-05-26 22:28:32,064 INFO o.a.j.t.JMeterThread: Thread started: Thread Group 1-28
2022-05-26 22:28:32,303 INFO o.a.j.t.JMeterThread: Thread started: Thread Group 1-29
2022-05-26 22:28:32,538 INFO o.a.j.t.JMeterThread: Thread started: Thread Group 1-30
2022-05-26 22:28:32,770 INFO o.a.j.t.JMeterThread: Thread started: Thread Group 1-31
2022-05-26 22:28:33,000 INFO o.a.j.t.JMeterThread: Thread started: Thread Group 1-32
2022-05-26 22:28:33,240 INFO o.a.j.t.JMeterThread: Thread started: Thread Group 1-33
2022-05-26 22:28:33,467 INFO o.a.j.t.JMeterThread: Thread started: Thread Group 1-34
2022-05-26 22:28:33,702 INFO o.a.j.t.JMeterThread: Thread started: Thread Group 1-35
2022-05-26 22:28:33,934 INFO o.a.j.t.JMeterThread: Thread started: Thread Group 1-36
2022-05-26 22:28:34,171 INFO o.a.j.t.JMeterThread: Thread started: Thread Group 1-37
2022-05-26 22:28:34,416 INFO o.a.j.t.JMeterThread: Thread started: Thread Group 1-38
2022-05-26 22:28:34,667 INFO o.a.j.t.JMeterThread: Thread started: Thread Group 1-39
2022-05-26 22:28:34,901 INFO o.a.j.t.JMeterThread: Thread started: Thread Group 1-40
2022-05-26 22:28:35,114 INFO o.a.j.t.JMeterThread: Thread started: Thread Group 1-41
2022-05-26 22:28:35,356 INFO o.a.j.t.JMeterThread: Thread started: Thread Group 1-42
2022-05-26 22:28:35,597 INFO o.a.j.t.JMeterThread: Thread started: Thread Group 1-43
2022-05-26 22:28:35,814 INFO o.a.j.t.JMeterThread: Thread started: Thread Group 1-44
2022-05-26 22:28:36,064 INFO o.a.j.t.JMeterThread: Thread started: Thread Group 1-45
2022-05-26 22:28:36,297 INFO o.a.j.t.JMeterThread: Thread started: Thread Group 1-46
2022-05-26 22:28:36,516 INFO o.a.j.t.JMeterThread: Thread started: Thread Group 1-47
2022-05-26 22:28:36,749 INFO o.a.j.t.JMeterThread: Thread started: Thread Group 1-48
2022-05-26 22:28:36,997 INFO o.a.j.t.JMeterThread: Thread started: Thread Group 1-49
2022-05-26 22:28:37,214 INFO o.a.j.t.JMeterThread: Thread started: Thread Group 1-50
2022-05-26 22:28:37,450 INFO o.a.j.t.JMeterThread: Thread started: Thread Group 1-51
2022-05-26 22:28:37,701 INFO o.a.j.t.JMeterThread: Thread started: Thread Group 1-52
2022-05-26 22:28:37,935 INFO o.a.j.t.JMeterThread: Thread started: Thread Group 1-53
2022-05-26 22:28:38,166 INFO o.a.j.t.JMeterThread: Thread started: Thread Group 1-54
2022-05-26 22:28:38,398 INFO o.a.j.t.JMeterThread: Thread started: Thread Group 1-55
2022-05-26 22:28:38,636 INFO o.a.j.t.JMeterThread: Thread started: Thread Group 1-56
2022-05-26 22:28:38,866 INFO o.a.j.t.JMeterThread: Thread started: Thread Group 1-57
2022-05-26 22:28:39,093 INFO o.a.j.t.JMeterThread: Thread started: Thread Group 1-58
2022-05-26 22:28:39,331 INFO o.a.j.t.JMeterThread: Thread started: Thread Group 1-59
2022-05-26 22:28:39,564 INFO o.a.j.t.JMeterThread: Thread started: Thread Group 1-60
2022-05-26 22:28:39,803 INFO o.a.j.t.JMeterThread: Thread started: Thread Group 1-61
2022-05-26 22:28:40,038 INFO o.a.j.t.JMeterThread: Thread started: Thread Group 1-62
2022-05-26 22:28:40,271 INFO o.a.j.t.JMeterThread: Thread started: Thread Group 1-63
2022-05-26 22:28:40,504 INFO o.a.j.t.JMeterThread: Thread started: Thread Group 1-64
2022-05-26 22:28:40,738 INFO o.a.j.t.JMeterThread: Thread started: Thread Group 1-65
2022-05-26 22:28:40,965 INFO o.a.j.t.JMeterThread: Thread started: Thread Group 1-66
2022-05-26 22:28:41,200 INFO o.a.j.t.JMeterThread: Thread started: Thread Group 1-67
2022-05-26 22:28:41,438 INFO o.a.j.t.JMeterThread: Thread started: Thread Group 1-68
2022-05-26 22:28:41,670 INFO o.a.j.t.JMeterThread: Thread started: Thread Group 1-69
2022-05-26 22:28:41,907 INFO o.a.j.t.JMeterThread: Thread started: Thread Group 1-70
2022-05-26 22:28:42,165 INFO o.a.j.t.JMeterThread: Thread started: Thread Group 1-71
2022-05-26 22:28:42,368 INFO o.a.j.t.JMeterThread: Thread started: Thread Group 1-72
2022-05-26 22:28:42,614 INFO o.a.j.t.JMeterThread: Thread started: Thread Group 1-73
2022-05-26 22:28:42,865 INFO o.a.j.t.JMeterThread: Thread started: Thread Group 1-74
2022-05-26 22:28:43,114 INFO o.a.j.t.JMeterThread: Thread started: Thread Group 1-75
2022-05-26 22:28:43,343 INFO o.a.j.t.JMeterThread: Thread started: Thread Group 1-76
2022-05-26 22:28:43,564 INFO o.a.j.t.JMeterThread: Thread started: Thread Group 1-77
2022-05-26 22:28:43,815 INFO o.a.j.t.JMeterThread: Thread started: Thread Group 1-78
2022-05-26 22:28:44,032 INFO o.a.j.t.JMeterThread: Thread started: Thread Group 1-79
2022-05-26 22:28:44,284 INFO o.a.j.t.JMeterThread: Thread started: Thread Group 1-80
2022-05-26 22:28:44,514 INFO o.a.j.t.JMeterThread: Thread started: Thread Group 1-81
2022-05-26 22:28:44,748 INFO o.a.j.t.JMeterThread: Thread started: Thread Group 1-82
2022-05-26 22:28:44,966 INFO o.a.j.t.JMeterThread: Thread started: Thread Group 1-83
2022-05-26 22:28:45,214 INFO o.a.j.t.JMeterThread: Thread started: Thread Group 1-84
2022-05-26 22:28:45,446 INFO o.a.j.t.JMeterThread: Thread started: Thread Group 1-85
2022-05-26 22:28:45,671 INFO o.a.j.t.JMeterThread: Thread started: Thread Group 1-86
2022-05-26 22:28:45,914 INFO o.a.j.t.JMeterThread: Thread started: Thread Group 1-87
2022-05-26 22:28:46,145 INFO o.a.j.t.JMeterThread: Thread started: Thread Group 1-88
2022-05-26 22:28:46,365 INFO o.a.j.t.JMeterThread: Thread started: Thread Group 1-89
2022-05-26 22:28:46,602 INFO o.a.j.t.JMeterThread: Thread started: Thread Group 1-90
2022-05-26 22:28:46,821 INFO o.a.j.t.JMeterThread: Thread started: Thread Group 1-91
2022-05-26 22:28:47,059 INFO o.a.j.t.JMeterThread: Thread started: Thread Group 1-92
2022-05-26 22:28:47,288 INFO o.a.j.t.JMeterThread: Thread started: Thread Group 1-93
2022-05-26 22:28:47,520 INFO o.a.j.t.JMeterThread: Thread started: Thread Group 1-94
2022-05-26 22:28:47,753 INFO o.a.j.t.JMeterThread: Thread started: Thread Group 1-95
2022-05-26 22:28:47,994 INFO o.a.j.t.JMeterThread: Thread started: Thread Group 1-96
2022-05-26 22:28:48,223 INFO o.a.j.t.JMeterThread: Thread started: Thread Group 1-97
2022-05-26 22:28:48,453 INFO o.a.j.t.JMeterThread: Thread started: Thread Group 1-98
2022-05-26 22:28:48,696 INFO o.a.j.t.JMeterThread: Thread started: Thread Group 1-99
2022-05-26 22:28:48,931 INFO o.a.j.t.JMeterThread: Thread started: Thread Group 1-100
2022-05-26 22:28:49,164 INFO o.a.j.t.JMeterThread: Thread started: Thread Group 1-101
2022-05-26 22:28:49,394 INFO o.a.j.t.JMeterThread: Thread started: Thread Group 1-102
2022-05-26 22:28:49,629 INFO o.a.j.t.JMeterThread: Thread started: Thread Group 1-103
2022-05-26 22:28:49,864 INFO o.a.j.t.JMeterThread: Thread started: Thread Group 1-104
2022-05-26 22:28:50,094 INFO o.a.j.t.JMeterThread: Thread started: Thread Group 1-105
2022-05-26 22:28:50,332 INFO o.a.j.t.JMeterThread: Thread started: Thread Group 1-106
2022-05-26 22:28:50,555 INFO o.a.j.t.JMeterThread: Thread started: Thread Group 1-107
2022-05-26 22:28:50,793 INFO o.a.j.t.JMeterThread: Thread started: Thread Group 1-108
2022-05-26 22:28:51,025 INFO o.a.j.t.JMeterThread: Thread started: Thread Group 1-109
2022-05-26 22:28:51,266 INFO o.a.j.t.JMeterThread: Thread started: Thread Group 1-110
2022-05-26 22:28:51,493 INFO o.a.j.t.JMeterThread: Thread started: Thread Group 1-111
2022-05-26 22:28:51,734 INFO o.a.j.t.JMeterThread: Thread started: Thread Group 1-112
2022-05-26 22:28:51,956 INFO o.a.j.t.JMeterThread: Thread started: Thread Group 1-113
2022-05-26 22:28:52,195 INFO o.a.j.t.JMeterThread: Thread started: Thread Group 1-114
2022-05-26 22:28:52,433 INFO o.a.j.t.JMeterThread: Thread started: Thread Group 1-115
2022-05-26 22:28:52,665 INFO o.a.j.t.JMeterThread: Thread started: Thread Group 1-116
2022-05-26 22:28:52,901 INFO o.a.j.t.JMeterThread: Thread started: Thread Group 1-117
2022-05-26 22:28:53,132 INFO o.a.j.t.JMeterThread: Thread started: Thread Group 1-118
2022-05-26 22:28:53,365 INFO o.a.j.t.JMeterThread: Thread started: Thread Group 1-119
2022-05-26 22:28:53,601 INFO o.a.j.t.JMeterThread: Thread started: Thread Group 1-120
2022-05-26 22:28:53,833 INFO o.a.j.t.JMeterThread: Thread started: Thread Group 1-121
2022-05-26 22:28:54,064 INFO o.a.j.t.JMeterThread: Thread started: Thread Group 1-122
2022-05-26 22:28:54,294 INFO o.a.j.t.JMeterThread: Thread started: Thread Group 1-123
2022-05-26 22:28:54,527 INFO o.a.j.t.JMeterThread: Thread started: Thread Group 1-124
2022-05-26 22:28:54,764 INFO o.a.j.t.JMeterThread: Thread started: Thread Group 1-125
2022-05-26 22:28:54,995 INFO o.a.j.t.JMeterThread: Thread started: Thread Group 1-126
2022-05-26 22:28:55,232 INFO o.a.j.t.JMeterThread: Thread started: Thread Group 1-127
2022-05-26 22:28:55,464 INFO o.a.j.t.JMeterThread: Thread started: Thread Group 1-128
2022-05-26 22:29:00,006 INFO o.a.j.r.Summariser: summary +    229 in 00:00:30 =    7.7/s Avg:  5774 Min:   943 Max: 16844 Err:     0 (0.00%) Active: 128 Started: 128 Finished: 0
2022-05-26 22:29:00,007 INFO o.a.j.r.Summariser: summary =    251 in 00:00:34 =    7.3/s Avg:  5372 Min:   578 Max: 16844 Err:     0 (0.00%)
2022-05-26 22:29:30,068 INFO o.a.j.r.Summariser: summary +    299 in 00:00:30 =    9.9/s Avg: 13225 Min:  2057 Max: 43674 Err:     0 (0.00%) Active: 128 Started: 128 Finished: 0
2022-05-26 22:29:30,069 INFO o.a.j.r.Summariser: summary =    550 in 00:01:04 =    8.5/s Avg:  9641 Min:   578 Max: 43674 Err:     0 (0.00%)
2022-05-26 22:30:00,044 INFO o.a.j.r.Summariser: summary +    282 in 00:00:30 =    9.4/s Avg: 13666 Min:  3062 Max: 51044 Err:     0 (0.00%) Active: 128 Started: 128 Finished: 0
2022-05-26 22:30:00,045 INFO o.a.j.r.Summariser: summary =    832 in 00:01:34 =    8.8/s Avg: 11005 Min:   578 Max: 51044 Err:     0 (0.00%)
2022-05-26 22:30:30,104 INFO o.a.j.r.Summariser: summary +    283 in 00:00:30 =    9.4/s Avg: 13540 Min:  3205 Max: 54200 Err:     0 (0.00%) Active: 128 Started: 128 Finished: 0
2022-05-26 22:30:30,105 INFO o.a.j.r.Summariser: summary =   1115 in 00:02:04 =    9.0/s Avg: 11649 Min:   578 Max: 54200 Err:     0 (0.00%)
2022-05-26 22:31:00,114 INFO o.a.j.r.Summariser: summary +    287 in 00:00:30 =    9.6/s Avg: 13555 Min:  3118 Max: 52366 Err:     0 (0.00%) Active: 128 Started: 128 Finished: 0
2022-05-26 22:31:00,114 INFO o.a.j.r.Summariser: summary =   1402 in 00:02:34 =    9.1/s Avg: 12039 Min:   578 Max: 54200 Err:     0 (0.00%)
2022-05-26 22:31:30,014 INFO o.a.j.r.Summariser: summary +    286 in 00:00:30 =    9.6/s Avg: 13345 Min:  1602 Max: 48373 Err:     0 (0.00%) Active: 128 Started: 128 Finished: 0
2022-05-26 22:31:30,015 INFO o.a.j.r.Summariser: summary =   1688 in 00:03:04 =    9.2/s Avg: 12260 Min:   578 Max: 54200 Err:     0 (0.00%)
2022-05-26 22:32:00,217 INFO o.a.j.r.Summariser: summary +    276 in 00:00:30 =    9.1/s Avg: 13612 Min:  1867 Max: 49505 Err:     0 (0.00%) Active: 128 Started: 128 Finished: 0
2022-05-26 22:32:00,218 INFO o.a.j.r.Summariser: summary =   1964 in 00:03:35 =    9.2/s Avg: 12450 Min:   578 Max: 54200 Err:     0 (0.00%)
2022-05-26 22:32:30,006 INFO o.a.j.r.Summariser: summary +    268 in 00:00:30 =    9.0/s Avg: 14410 Min:  3318 Max: 51836 Err:     0 (0.00%) Active: 128 Started: 128 Finished: 0
2022-05-26 22:32:30,006 INFO o.a.j.r.Summariser: summary =   2232 in 00:04:04 =    9.1/s Avg: 12685 Min:   578 Max: 54200 Err:     0 (0.00%)
2022-05-26 22:33:00,286 INFO o.a.j.r.Summariser: summary +    281 in 00:00:30 =    9.3/s Avg: 14237 Min:  2767 Max: 50933 Err:     0 (0.00%) Active: 128 Started: 128 Finished: 0
2022-05-26 22:33:00,287 INFO o.a.j.r.Summariser: summary =   2513 in 00:04:35 =    9.2/s Avg: 12859 Min:   578 Max: 54200 Err:     0 (0.00%)
2022-05-26 22:33:30,197 INFO o.a.j.r.Summariser: summary +    280 in 00:00:30 =    9.4/s Avg: 13206 Min:  2107 Max: 50542 Err:     0 (0.00%) Active: 128 Started: 128 Finished: 0
2022-05-26 22:33:30,197 INFO o.a.j.r.Summariser: summary =   2793 in 00:05:04 =    9.2/s Avg: 12894 Min:   578 Max: 54200 Err:     0 (0.00%)
2022-05-26 22:34:00,014 INFO o.a.j.r.Summariser: summary +    283 in 00:00:30 =    9.5/s Avg: 13351 Min:  3146 Max: 52826 Err:     0 (0.00%) Active: 128 Started: 128 Finished: 0
2022-05-26 22:34:00,014 INFO o.a.j.r.Summariser: summary =   3076 in 00:05:34 =    9.2/s Avg: 12936 Min:   578 Max: 54200 Err:     0 (0.00%)
2022-05-26 22:34:30,198 INFO o.a.j.r.Summariser: summary +    290 in 00:00:30 =    9.6/s Avg: 13542 Min:  1820 Max: 48720 Err:     0 (0.00%) Active: 128 Started: 128 Finished: 0
2022-05-26 22:34:30,198 INFO o.a.j.r.Summariser: summary =   3366 in 00:06:04 =    9.2/s Avg: 12988 Min:   578 Max: 54200 Err:     0 (0.00%)
2022-05-26 22:35:00,054 INFO o.a.j.r.Summariser: summary +    275 in 00:00:30 =    9.2/s Avg: 13632 Min:  1685 Max: 51513 Err:     0 (0.00%) Active: 128 Started: 128 Finished: 0
2022-05-26 22:35:00,054 INFO o.a.j.r.Summariser: summary =   3641 in 00:06:34 =    9.2/s Avg: 13037 Min:   578 Max: 54200 Err:     0 (0.00%)
2022-05-26 22:35:30,040 INFO o.a.j.r.Summariser: summary +    275 in 00:00:30 =    9.2/s Avg: 13890 Min:  3100 Max: 51142 Err:     0 (0.00%) Active: 128 Started: 128 Finished: 0
2022-05-26 22:35:30,040 INFO o.a.j.r.Summariser: summary =   3916 in 00:07:04 =    9.2/s Avg: 13097 Min:   578 Max: 54200 Err:     0 (0.00%)
2022-05-26 22:36:00,038 INFO o.a.j.r.Summariser: summary +    290 in 00:00:30 =    9.7/s Avg: 13624 Min:  2966 Max: 53756 Err:     0 (0.00%) Active: 128 Started: 128 Finished: 0
2022-05-26 22:36:00,038 INFO o.a.j.r.Summariser: summary =   4206 in 00:07:34 =    9.3/s Avg: 13133 Min:   578 Max: 54200 Err:     0 (0.00%)
2022-05-26 22:36:30,008 INFO o.a.j.r.Summariser: summary +    284 in 00:00:30 =    9.5/s Avg: 13403 Min:  3282 Max: 31242 Err:     0 (0.00%) Active: 128 Started: 128 Finished: 0
2022-05-26 22:36:30,008 INFO o.a.j.r.Summariser: summary =   4490 in 00:08:04 =    9.3/s Avg: 13150 Min:   578 Max: 54200 Err:     0 (0.00%)
2022-05-26 22:37:00,121 INFO o.a.j.r.Summariser: summary +    276 in 00:00:30 =    9.2/s Avg: 14011 Min:  2787 Max: 49946 Err:     0 (0.00%) Active: 128 Started: 128 Finished: 0
2022-05-26 22:37:00,121 INFO o.a.j.r.Summariser: summary =   4766 in 00:08:34 =    9.3/s Avg: 13200 Min:   578 Max: 54200 Err:     0 (0.00%)
2022-05-26 22:37:30,011 INFO o.a.j.r.Summariser: summary +    283 in 00:00:30 =    9.5/s Avg: 13489 Min:  1751 Max: 52107 Err:     0 (0.00%) Active: 128 Started: 128 Finished: 0
2022-05-26 22:37:30,011 INFO o.a.j.r.Summariser: summary =   5049 in 00:09:04 =    9.3/s Avg: 13216 Min:   578 Max: 54200 Err:     0 (0.00%)
2022-05-26 22:38:00,008 INFO o.a.j.r.Summariser: summary +    280 in 00:00:30 =    9.3/s Avg: 13622 Min:  2770 Max: 52377 Err:     0 (0.00%) Active: 128 Started: 128 Finished: 0
2022-05-26 22:38:00,009 INFO o.a.j.r.Summariser: summary =   5329 in 00:09:34 =    9.3/s Avg: 13237 Min:   578 Max: 54200 Err:     0 (0.00%)
2022-05-26 22:38:30,013 INFO o.a.j.r.Summariser: summary +    291 in 00:00:30 =    9.7/s Avg: 13406 Min:  1685 Max: 51466 Err:     0 (0.00%) Active: 128 Started: 128 Finished: 0
2022-05-26 22:38:30,014 INFO o.a.j.r.Summariser: summary =   5620 in 00:10:04 =    9.3/s Avg: 13246 Min:   578 Max: 54200 Err:     0 (0.00%)
2022-05-26 22:39:00,077 INFO o.a.j.r.Summariser: summary +    282 in 00:00:30 =    9.4/s Avg: 13135 Min:  1944 Max: 51816 Err:     0 (0.00%) Active: 128 Started: 128 Finished: 0
2022-05-26 22:39:00,078 INFO o.a.j.r.Summariser: summary =   5902 in 00:10:34 =    9.3/s Avg: 13241 Min:   578 Max: 54200 Err:     0 (0.00%)
2022-05-26 22:39:30,121 INFO o.a.j.r.Summariser: summary +    284 in 00:00:30 =    9.5/s Avg: 14083 Min:  2998 Max: 52570 Err:     0 (0.00%) Active: 128 Started: 128 Finished: 0
2022-05-26 22:39:30,122 INFO o.a.j.r.Summariser: summary =   6186 in 00:11:04 =    9.3/s Avg: 13280 Min:   578 Max: 54200 Err:     0 (0.00%)
2022-05-26 22:40:00,123 INFO o.a.j.r.Summariser: summary +    261 in 00:00:30 =    8.7/s Avg: 14015 Min:  3553 Max: 52089 Err:     0 (0.00%) Active: 128 Started: 128 Finished: 0
2022-05-26 22:40:00,123 INFO o.a.j.r.Summariser: summary =   6447 in 00:11:34 =    9.3/s Avg: 13309 Min:   578 Max: 54200 Err:     0 (0.00%)
2022-05-26 22:40:30,207 INFO o.a.j.r.Summariser: summary +    274 in 00:00:30 =    9.1/s Avg: 14097 Min:  1893 Max: 52220 Err:     0 (0.00%) Active: 128 Started: 128 Finished: 0
2022-05-26 22:40:30,208 INFO o.a.j.r.Summariser: summary =   6721 in 00:12:05 =    9.3/s Avg: 13341 Min:   578 Max: 54200 Err:     0 (0.00%)
2022-05-26 22:41:00,045 INFO o.a.j.r.Summariser: summary +    290 in 00:00:30 =    9.7/s Avg: 13763 Min:  2243 Max: 51567 Err:     0 (0.00%) Active: 128 Started: 128 Finished: 0
2022-05-26 22:41:00,046 INFO o.a.j.r.Summariser: summary =   7011 in 00:12:34 =    9.3/s Avg: 13359 Min:   578 Max: 54200 Err:     0 (0.00%)
2022-05-26 22:41:30,012 INFO o.a.j.r.Summariser: summary +    285 in 00:00:30 =    9.5/s Avg: 13304 Min:  1950 Max: 50576 Err:     0 (0.00%) Active: 128 Started: 128 Finished: 0
2022-05-26 22:41:30,012 INFO o.a.j.r.Summariser: summary =   7296 in 00:13:04 =    9.3/s Avg: 13357 Min:   578 Max: 54200 Err:     0 (0.00%)
2022-05-26 22:42:00,207 INFO o.a.j.r.Summariser: summary +    285 in 00:00:30 =    9.4/s Avg: 13583 Min:  1837 Max: 51983 Err:     0 (0.00%) Active: 128 Started: 128 Finished: 0
2022-05-26 22:42:00,208 INFO o.a.j.r.Summariser: summary =   7581 in 00:13:35 =    9.3/s Avg: 13365 Min:   578 Max: 54200 Err:     0 (0.00%)
2022-05-26 22:42:30,047 INFO o.a.j.r.Summariser: summary +    281 in 00:00:30 =    9.4/s Avg: 13227 Min:  2976 Max: 49860 Err:     0 (0.00%) Active: 128 Started: 128 Finished: 0
2022-05-26 22:42:30,048 INFO o.a.j.r.Summariser: summary =   7862 in 00:14:04 =    9.3/s Avg: 13360 Min:   578 Max: 54200 Err:     0 (0.00%)
2022-05-26 22:43:00,072 INFO o.a.j.r.Summariser: summary +    283 in 00:00:30 =    9.4/s Avg: 13905 Min:  2075 Max: 45965 Err:     0 (0.00%) Active: 128 Started: 128 Finished: 0
2022-05-26 22:43:00,072 INFO o.a.j.r.Summariser: summary =   8145 in 00:14:34 =    9.3/s Avg: 13379 Min:   578 Max: 54200 Err:     0 (0.00%)
2022-05-26 22:43:30,043 INFO o.a.j.r.Summariser: summary +    277 in 00:00:30 =    9.2/s Avg: 13874 Min:  2853 Max: 50224 Err:     0 (0.00%) Active: 128 Started: 128 Finished: 0
2022-05-26 22:43:30,043 INFO o.a.j.r.Summariser: summary =   8422 in 00:15:04 =    9.3/s Avg: 13395 Min:   578 Max: 54200 Err:     0 (0.00%)
2022-05-26 22:44:00,072 INFO o.a.j.r.Summariser: summary +    269 in 00:00:30 =    9.0/s Avg: 14149 Min:  2757 Max: 55988 Err:     0 (0.00%) Active: 128 Started: 128 Finished: 0
2022-05-26 22:44:00,073 INFO o.a.j.r.Summariser: summary =   8691 in 00:15:34 =    9.3/s Avg: 13419 Min:   578 Max: 55988 Err:     0 (0.00%)
2022-05-26 22:44:30,029 INFO o.a.j.r.Summariser: summary +    278 in 00:00:30 =    9.3/s Avg: 13682 Min:  2954 Max: 51629 Err:     0 (0.00%) Active: 128 Started: 128 Finished: 0
2022-05-26 22:44:30,030 INFO o.a.j.r.Summariser: summary =   8969 in 00:16:04 =    9.3/s Avg: 13427 Min:   578 Max: 55988 Err:     0 (0.00%)
2022-05-26 22:45:00,015 INFO o.a.j.r.Summariser: summary +    284 in 00:00:30 =    9.5/s Avg: 13991 Min:  2151 Max: 52496 Err:     0 (0.00%) Active: 128 Started: 128 Finished: 0
2022-05-26 22:45:00,015 INFO o.a.j.r.Summariser: summary =   9253 in 00:16:34 =    9.3/s Avg: 13444 Min:   578 Max: 55988 Err:     0 (0.00%)
2022-05-26 22:45:30,130 INFO o.a.j.r.Summariser: summary +    267 in 00:00:30 =    8.9/s Avg: 13640 Min:  3082 Max: 50027 Err:     0 (0.00%) Active: 128 Started: 128 Finished: 0
2022-05-26 22:45:30,130 INFO o.a.j.r.Summariser: summary =   9520 in 00:17:04 =    9.3/s Avg: 13450 Min:   578 Max: 55988 Err:     0 (0.00%)
2022-05-26 22:46:00,069 INFO o.a.j.r.Summariser: summary +    286 in 00:00:30 =    9.6/s Avg: 14086 Min:  3229 Max: 53329 Err:     0 (0.00%) Active: 128 Started: 128 Finished: 0
2022-05-26 22:46:00,070 INFO o.a.j.r.Summariser: summary =   9806 in 00:17:34 =    9.3/s Avg: 13468 Min:   578 Max: 55988 Err:     0 (0.00%)
2022-05-26 22:46:30,068 INFO o.a.j.r.Summariser: summary +    279 in 00:00:30 =    9.3/s Avg: 13698 Min:  2795 Max: 51502 Err:     0 (0.00%) Active: 128 Started: 128 Finished: 0
2022-05-26 22:46:30,069 INFO o.a.j.r.Summariser: summary =  10085 in 00:18:04 =    9.3/s Avg: 13475 Min:   578 Max: 55988 Err:     0 (0.00%)
2022-05-26 22:47:00,070 INFO o.a.j.r.Summariser: summary +    278 in 00:00:30 =    9.3/s Avg: 13584 Min:  3012 Max: 51368 Err:     0 (0.00%) Active: 128 Started: 128 Finished: 0
2022-05-26 22:47:00,071 INFO o.a.j.r.Summariser: summary =  10363 in 00:18:34 =    9.3/s Avg: 13478 Min:   578 Max: 55988 Err:     0 (0.00%)
2022-05-26 22:47:30,026 INFO o.a.j.r.Summariser: summary +    270 in 00:00:30 =    9.0/s Avg: 14041 Min:  1655 Max: 51863 Err:     0 (0.00%) Active: 128 Started: 128 Finished: 0
2022-05-26 22:47:30,027 INFO o.a.j.r.Summariser: summary =  10633 in 00:19:04 =    9.3/s Avg: 13492 Min:   578 Max: 55988 Err:     0 (0.00%)
2022-05-26 22:48:00,151 INFO o.a.j.r.Summariser: summary +    281 in 00:00:30 =    9.3/s Avg: 14072 Min:  3413 Max: 51751 Err:     0 (0.00%) Active: 128 Started: 128 Finished: 0
2022-05-26 22:48:00,152 INFO o.a.j.r.Summariser: summary =  10914 in 00:19:34 =    9.3/s Avg: 13507 Min:   578 Max: 55988 Err:     0 (0.00%)
2022-05-26 22:48:30,327 INFO o.a.j.r.Summariser: summary +    272 in 00:00:30 =    9.0/s Avg: 13882 Min:  2935 Max: 51015 Err:     0 (0.00%) Active: 128 Started: 128 Finished: 0
2022-05-26 22:48:30,327 INFO o.a.j.r.Summariser: summary =  11186 in 00:20:05 =    9.3/s Avg: 13516 Min:   578 Max: 55988 Err:     0 (0.00%)
2022-05-26 22:49:00,019 INFO o.a.j.r.Summariser: summary +    265 in 00:00:30 =    8.9/s Avg: 13736 Min:  3007 Max: 48970 Err:     0 (0.00%) Active: 128 Started: 128 Finished: 0
2022-05-26 22:49:00,019 INFO o.a.j.r.Summariser: summary =  11451 in 00:20:34 =    9.3/s Avg: 13521 Min:   578 Max: 55988 Err:     0 (0.00%)
2022-05-26 22:49:30,306 INFO o.a.j.r.Summariser: summary +    293 in 00:00:30 =    9.7/s Avg: 14016 Min:  2840 Max: 53549 Err:     0 (0.00%) Active: 128 Started: 128 Finished: 0
2022-05-26 22:49:30,307 INFO o.a.j.r.Summariser: summary =  11744 in 00:21:05 =    9.3/s Avg: 13533 Min:   578 Max: 55988 Err:     0 (0.00%)
2022-05-26 22:50:00,031 INFO o.a.j.r.Summariser: summary +    289 in 00:00:30 =    9.7/s Avg: 13220 Min:  1976 Max: 47313 Err:     0 (0.00%) Active: 128 Started: 128 Finished: 0
2022-05-26 22:50:00,032 INFO o.a.j.r.Summariser: summary =  12033 in 00:21:34 =    9.3/s Avg: 13526 Min:   578 Max: 55988 Err:     0 (0.00%)
2022-05-26 22:50:23,431 INFO o.a.j.t.JMeterThread: Thread is done: Thread Group 1-4
2022-05-26 22:50:23,431 INFO o.a.j.t.JMeterThread: Thread finished: Thread Group 1-4
2022-05-26 22:50:30,089 INFO o.a.j.r.Summariser: summary +    293 in 00:00:30 =    9.7/s Avg: 13454 Min:  2907 Max: 52500 Err:     0 (0.00%) Active: 127 Started: 128 Finished: 1
2022-05-26 22:50:30,089 INFO o.a.j.r.Summariser: summary =  12326 in 00:22:04 =    9.3/s Avg: 13524 Min:   578 Max: 55988 Err:     0 (0.00%)
2022-05-26 22:50:33,483 INFO o.a.j.t.JMeterThread: Thread is done: Thread Group 1-2
2022-05-26 22:50:33,483 INFO o.a.j.t.JMeterThread: Thread finished: Thread Group 1-2
2022-05-26 22:50:36,810 INFO o.a.j.t.JMeterThread: Thread is done: Thread Group 1-7
2022-05-26 22:50:36,810 INFO o.a.j.t.JMeterThread: Thread finished: Thread Group 1-7
2022-05-26 22:50:37,737 INFO o.a.j.t.JMeterThread: Thread is done: Thread Group 1-6
2022-05-26 22:50:37,737 INFO o.a.j.t.JMeterThread: Thread finished: Thread Group 1-6
2022-05-26 22:50:39,093 INFO o.a.j.t.JMeterThread: Thread is done: Thread Group 1-1
2022-05-26 22:50:39,093 INFO o.a.j.t.JMeterThread: Thread finished: Thread Group 1-1
2022-05-26 22:50:39,530 INFO o.a.j.t.JMeterThread: Thread is done: Thread Group 1-5
2022-05-26 22:50:39,530 INFO o.a.j.t.JMeterThread: Thread finished: Thread Group 1-5
2022-05-26 22:50:45,693 INFO o.a.j.t.JMeterThread: Thread is done: Thread Group 1-3
2022-05-26 22:50:45,693 INFO o.a.j.t.JMeterThread: Thread finished: Thread Group 1-3
2022-05-26 22:50:48,900 INFO o.a.j.t.JMeterThread: Thread is done: Thread Group 1-9
2022-05-26 22:50:48,900 INFO o.a.j.t.JMeterThread: Thread finished: Thread Group 1-9
2022-05-26 22:50:54,463 INFO o.a.j.t.JMeterThread: Thread is done: Thread Group 1-13
2022-05-26 22:50:54,463 INFO o.a.j.t.JMeterThread: Thread finished: Thread Group 1-13
2022-05-26 22:50:54,986 INFO o.a.j.t.JMeterThread: Thread is done: Thread Group 1-10
2022-05-26 22:50:54,986 INFO o.a.j.t.JMeterThread: Thread finished: Thread Group 1-10
2022-05-26 22:50:58,363 INFO o.a.j.t.JMeterThread: Thread is done: Thread Group 1-12
2022-05-26 22:50:58,363 INFO o.a.j.t.JMeterThread: Thread finished: Thread Group 1-12
2022-05-26 22:51:00,133 INFO o.a.j.r.Summariser: summary +    288 in 00:00:30 =    9.6/s Avg: 12799 Min:  3214 Max: 48205 Err:     0 (0.00%) Active: 117 Started: 128 Finished: 11
2022-05-26 22:51:00,133 INFO o.a.j.r.Summariser: summary =  12614 in 00:22:34 =    9.3/s Avg: 13508 Min:   578 Max: 55988 Err:     0 (0.00%)
2022-05-26 22:51:01,028 INFO o.a.j.t.JMeterThread: Thread is done: Thread Group 1-8
2022-05-26 22:51:01,028 INFO o.a.j.t.JMeterThread: Thread finished: Thread Group 1-8
2022-05-26 22:51:05,683 INFO o.a.j.t.JMeterThread: Thread is done: Thread Group 1-16
2022-05-26 22:51:05,683 INFO o.a.j.t.JMeterThread: Thread finished: Thread Group 1-16
2022-05-26 22:51:11,333 INFO o.a.j.t.JMeterThread: Thread is done: Thread Group 1-11
2022-05-26 22:51:11,334 INFO o.a.j.t.JMeterThread: Thread finished: Thread Group 1-11
2022-05-26 22:51:11,809 INFO o.a.j.t.JMeterThread: Thread is done: Thread Group 1-22
2022-05-26 22:51:11,809 INFO o.a.j.t.JMeterThread: Thread finished: Thread Group 1-22
2022-05-26 22:51:12,368 INFO o.a.j.t.JMeterThread: Thread is done: Thread Group 1-24
2022-05-26 22:51:12,368 INFO o.a.j.t.JMeterThread: Thread finished: Thread Group 1-24
2022-05-26 22:51:13,738 INFO o.a.j.t.JMeterThread: Thread is done: Thread Group 1-15
2022-05-26 22:51:13,739 INFO o.a.j.t.JMeterThread: Thread finished: Thread Group 1-15
2022-05-26 22:51:14,897 INFO o.a.j.t.JMeterThread: Thread is done: Thread Group 1-20
2022-05-26 22:51:14,897 INFO o.a.j.t.JMeterThread: Thread finished: Thread Group 1-20
2022-05-26 22:51:16,752 INFO o.a.j.t.JMeterThread: Thread is done: Thread Group 1-17
2022-05-26 22:51:16,752 INFO o.a.j.t.JMeterThread: Thread finished: Thread Group 1-17
2022-05-26 22:51:17,292 INFO o.a.j.t.JMeterThread: Thread is done: Thread Group 1-14
2022-05-26 22:51:17,292 INFO o.a.j.t.JMeterThread: Thread finished: Thread Group 1-14
2022-05-26 22:51:17,603 INFO o.a.j.t.JMeterThread: Thread is done: Thread Group 1-19
2022-05-26 22:51:17,604 INFO o.a.j.t.JMeterThread: Thread finished: Thread Group 1-19
2022-05-26 22:51:18,553 INFO o.a.j.t.JMeterThread: Thread is done: Thread Group 1-25
2022-05-26 22:51:18,553 INFO o.a.j.t.JMeterThread: Thread finished: Thread Group 1-25
2022-05-26 22:51:23,151 INFO o.a.j.t.JMeterThread: Thread is done: Thread Group 1-23
2022-05-26 22:51:23,151 INFO o.a.j.t.JMeterThread: Thread finished: Thread Group 1-23
2022-05-26 22:51:23,360 INFO o.a.j.t.JMeterThread: Thread is done: Thread Group 1-18
2022-05-26 22:51:23,360 INFO o.a.j.t.JMeterThread: Thread finished: Thread Group 1-18
2022-05-26 22:51:24,561 INFO o.a.j.t.JMeterThread: Thread is done: Thread Group 1-32
2022-05-26 22:51:24,576 INFO o.a.j.t.JMeterThread: Thread finished: Thread Group 1-32
2022-05-26 22:51:25,082 INFO o.a.j.t.JMeterThread: Thread is done: Thread Group 1-29
2022-05-26 22:51:25,094 INFO o.a.j.t.JMeterThread: Thread finished: Thread Group 1-29
2022-05-26 22:51:26,264 INFO o.a.j.t.JMeterThread: Thread is done: Thread Group 1-21
2022-05-26 22:51:26,264 INFO o.a.j.t.JMeterThread: Thread finished: Thread Group 1-21
2022-05-26 22:51:26,300 INFO o.a.j.t.JMeterThread: Thread is done: Thread Group 1-27
2022-05-26 22:51:26,300 INFO o.a.j.t.JMeterThread: Thread finished: Thread Group 1-27
2022-05-26 22:51:28,402 INFO o.a.j.t.JMeterThread: Thread is done: Thread Group 1-26
2022-05-26 22:51:28,402 INFO o.a.j.t.JMeterThread: Thread finished: Thread Group 1-26
2022-05-26 22:51:28,596 INFO o.a.j.t.JMeterThread: Thread is done: Thread Group 1-37
2022-05-26 22:51:28,596 INFO o.a.j.t.JMeterThread: Thread finished: Thread Group 1-37
2022-05-26 22:51:28,862 INFO o.a.j.t.JMeterThread: Thread is done: Thread Group 1-38
2022-05-26 22:51:28,863 INFO o.a.j.t.JMeterThread: Thread finished: Thread Group 1-38
2022-05-26 22:51:29,458 INFO o.a.j.t.JMeterThread: Thread is done: Thread Group 1-31
2022-05-26 22:51:29,459 INFO o.a.j.t.JMeterThread: Thread finished: Thread Group 1-31
2022-05-26 22:51:30,276 INFO o.a.j.r.Summariser: summary +    299 in 00:00:30 =    9.9/s Avg: 12041 Min:  1539 Max: 50289 Err:     0 (0.00%) Active: 96 Started: 128 Finished: 32
2022-05-26 22:51:30,277 INFO o.a.j.r.Summariser: summary =  12913 in 00:23:05 =    9.3/s Avg: 13474 Min:   578 Max: 55988 Err:     0 (0.00%)
2022-05-26 22:51:31,512 INFO o.a.j.t.JMeterThread: Thread is done: Thread Group 1-69
2022-05-26 22:51:31,513 INFO o.a.j.t.JMeterThread: Thread finished: Thread Group 1-69
2022-05-26 22:51:32,141 INFO o.a.j.t.JMeterThread: Thread is done: Thread Group 1-28
2022-05-26 22:51:32,141 INFO o.a.j.t.JMeterThread: Thread finished: Thread Group 1-28
2022-05-26 22:51:32,965 INFO o.a.j.t.JMeterThread: Thread is done: Thread Group 1-41
2022-05-26 22:51:32,965 INFO o.a.j.t.JMeterThread: Thread finished: Thread Group 1-41
2022-05-26 22:51:32,989 INFO o.a.j.t.JMeterThread: Thread is done: Thread Group 1-30
2022-05-26 22:51:32,989 INFO o.a.j.t.JMeterThread: Thread finished: Thread Group 1-30
2022-05-26 22:51:33,004 INFO o.a.j.t.JMeterThread: Thread is done: Thread Group 1-39
2022-05-26 22:51:33,004 INFO o.a.j.t.JMeterThread: Thread finished: Thread Group 1-39
2022-05-26 22:51:34,571 INFO o.a.j.t.JMeterThread: Thread is done: Thread Group 1-49
2022-05-26 22:51:34,572 INFO o.a.j.t.JMeterThread: Thread finished: Thread Group 1-49
2022-05-26 22:51:36,449 INFO o.a.j.t.JMeterThread: Thread is done: Thread Group 1-43
2022-05-26 22:51:36,449 INFO o.a.j.t.JMeterThread: Thread finished: Thread Group 1-43
2022-05-26 22:51:37,670 INFO o.a.j.t.JMeterThread: Thread is done: Thread Group 1-42
2022-05-26 22:51:37,670 INFO o.a.j.t.JMeterThread: Thread finished: Thread Group 1-42
2022-05-26 22:51:38,029 INFO o.a.j.t.JMeterThread: Thread is done: Thread Group 1-36
2022-05-26 22:51:38,029 INFO o.a.j.t.JMeterThread: Thread finished: Thread Group 1-36
2022-05-26 22:51:38,029 INFO o.a.j.t.JMeterThread: Thread is done: Thread Group 1-35
2022-05-26 22:51:38,029 INFO o.a.j.t.JMeterThread: Thread finished: Thread Group 1-35
2022-05-26 22:51:40,142 INFO o.a.j.t.JMeterThread: Thread is done: Thread Group 1-63
2022-05-26 22:51:40,142 INFO o.a.j.t.JMeterThread: Thread finished: Thread Group 1-63
2022-05-26 22:51:40,146 INFO o.a.j.t.JMeterThread: Thread is done: Thread Group 1-40
2022-05-26 22:51:40,146 INFO o.a.j.t.JMeterThread: Thread finished: Thread Group 1-40
2022-05-26 22:51:40,675 INFO o.a.j.t.JMeterThread: Thread is done: Thread Group 1-54
2022-05-26 22:51:40,675 INFO o.a.j.t.JMeterThread: Thread finished: Thread Group 1-54
2022-05-26 22:51:41,195 INFO o.a.j.t.JMeterThread: Thread is done: Thread Group 1-47
2022-05-26 22:51:41,195 INFO o.a.j.t.JMeterThread: Thread finished: Thread Group 1-47
2022-05-26 22:51:41,261 INFO o.a.j.t.JMeterThread: Thread is done: Thread Group 1-46
2022-05-26 22:51:41,261 INFO o.a.j.t.JMeterThread: Thread finished: Thread Group 1-46
2022-05-26 22:51:42,219 INFO o.a.j.t.JMeterThread: Thread is done: Thread Group 1-94
2022-05-26 22:51:42,219 INFO o.a.j.t.JMeterThread: Thread finished: Thread Group 1-94
2022-05-26 22:51:42,617 INFO o.a.j.t.JMeterThread: Thread is done: Thread Group 1-34
2022-05-26 22:51:42,617 INFO o.a.j.t.JMeterThread: Thread finished: Thread Group 1-34
2022-05-26 22:51:43,188 INFO o.a.j.t.JMeterThread: Thread is done: Thread Group 1-66
2022-05-26 22:51:43,188 INFO o.a.j.t.JMeterThread: Thread finished: Thread Group 1-66
2022-05-26 22:51:43,255 INFO o.a.j.t.JMeterThread: Thread is done: Thread Group 1-50
2022-05-26 22:51:43,255 INFO o.a.j.t.JMeterThread: Thread finished: Thread Group 1-50
2022-05-26 22:51:43,474 INFO o.a.j.t.JMeterThread: Thread is done: Thread Group 1-52
2022-05-26 22:51:43,474 INFO o.a.j.t.JMeterThread: Thread finished: Thread Group 1-52
2022-05-26 22:51:43,592 INFO o.a.j.t.JMeterThread: Thread is done: Thread Group 1-48
2022-05-26 22:51:43,592 INFO o.a.j.t.JMeterThread: Thread finished: Thread Group 1-48
2022-05-26 22:51:43,615 INFO o.a.j.t.JMeterThread: Thread is done: Thread Group 1-70
2022-05-26 22:51:43,615 INFO o.a.j.t.JMeterThread: Thread finished: Thread Group 1-70
2022-05-26 22:51:43,949 INFO o.a.j.t.JMeterThread: Thread is done: Thread Group 1-84
2022-05-26 22:51:43,949 INFO o.a.j.t.JMeterThread: Thread finished: Thread Group 1-84
2022-05-26 22:51:44,284 INFO o.a.j.t.JMeterThread: Thread is done: Thread Group 1-45
2022-05-26 22:51:44,284 INFO o.a.j.t.JMeterThread: Thread finished: Thread Group 1-45
2022-05-26 22:51:45,008 INFO o.a.j.t.JMeterThread: Thread is done: Thread Group 1-33
2022-05-26 22:51:45,008 INFO o.a.j.t.JMeterThread: Thread finished: Thread Group 1-33
2022-05-26 22:51:45,566 INFO o.a.j.t.JMeterThread: Thread is done: Thread Group 1-68
2022-05-26 22:51:45,566 INFO o.a.j.t.JMeterThread: Thread finished: Thread Group 1-68
2022-05-26 22:51:45,681 INFO o.a.j.t.JMeterThread: Thread is done: Thread Group 1-44
2022-05-26 22:51:45,681 INFO o.a.j.t.JMeterThread: Thread finished: Thread Group 1-44
2022-05-26 22:51:46,432 INFO o.a.j.t.JMeterThread: Thread is done: Thread Group 1-64
2022-05-26 22:51:46,432 INFO o.a.j.t.JMeterThread: Thread finished: Thread Group 1-64
2022-05-26 22:51:46,722 INFO o.a.j.t.JMeterThread: Thread is done: Thread Group 1-53
2022-05-26 22:51:46,722 INFO o.a.j.t.JMeterThread: Thread finished: Thread Group 1-53
2022-05-26 22:51:47,155 INFO o.a.j.t.JMeterThread: Thread is done: Thread Group 1-71
2022-05-26 22:51:47,156 INFO o.a.j.t.JMeterThread: Thread finished: Thread Group 1-71
2022-05-26 22:51:47,863 INFO o.a.j.t.JMeterThread: Thread is done: Thread Group 1-56
2022-05-26 22:51:47,863 INFO o.a.j.t.JMeterThread: Thread finished: Thread Group 1-56
2022-05-26 22:51:48,345 INFO o.a.j.t.JMeterThread: Thread is done: Thread Group 1-57
2022-05-26 22:51:48,345 INFO o.a.j.t.JMeterThread: Thread finished: Thread Group 1-57
2022-05-26 22:51:48,379 INFO o.a.j.t.JMeterThread: Thread is done: Thread Group 1-51
2022-05-26 22:51:48,379 INFO o.a.j.t.JMeterThread: Thread finished: Thread Group 1-51
2022-05-26 22:51:48,618 INFO o.a.j.t.JMeterThread: Thread is done: Thread Group 1-87
2022-05-26 22:51:48,618 INFO o.a.j.t.JMeterThread: Thread finished: Thread Group 1-87
2022-05-26 22:51:48,669 INFO o.a.j.t.JMeterThread: Thread is done: Thread Group 1-55
2022-05-26 22:51:48,669 INFO o.a.j.t.JMeterThread: Thread finished: Thread Group 1-55
2022-05-26 22:51:48,673 INFO o.a.j.t.JMeterThread: Thread is done: Thread Group 1-74
2022-05-26 22:51:48,673 INFO o.a.j.t.JMeterThread: Thread finished: Thread Group 1-74
2022-05-26 22:51:48,709 INFO o.a.j.t.JMeterThread: Thread is done: Thread Group 1-81
2022-05-26 22:51:48,709 INFO o.a.j.t.JMeterThread: Thread finished: Thread Group 1-81
2022-05-26 22:51:48,770 INFO o.a.j.t.JMeterThread: Thread is done: Thread Group 1-76
2022-05-26 22:51:48,770 INFO o.a.j.t.JMeterThread: Thread finished: Thread Group 1-76
2022-05-26 22:51:48,774 INFO o.a.j.t.JMeterThread: Thread is done: Thread Group 1-72
2022-05-26 22:51:48,774 INFO o.a.j.t.JMeterThread: Thread finished: Thread Group 1-72
2022-05-26 22:51:48,775 INFO o.a.j.t.JMeterThread: Thread is done: Thread Group 1-60
2022-05-26 22:51:48,775 INFO o.a.j.t.JMeterThread: Thread finished: Thread Group 1-60
2022-05-26 22:51:48,875 INFO o.a.j.t.JMeterThread: Thread is done: Thread Group 1-79
2022-05-26 22:51:48,875 INFO o.a.j.t.JMeterThread: Thread finished: Thread Group 1-79
2022-05-26 22:51:48,986 INFO o.a.j.t.JMeterThread: Thread is done: Thread Group 1-102
2022-05-26 22:51:48,986 INFO o.a.j.t.JMeterThread: Thread finished: Thread Group 1-102
2022-05-26 22:51:48,995 INFO o.a.j.t.JMeterThread: Thread is done: Thread Group 1-75
2022-05-26 22:51:48,995 INFO o.a.j.t.JMeterThread: Thread finished: Thread Group 1-75
2022-05-26 22:51:49,097 INFO o.a.j.t.JMeterThread: Thread is done: Thread Group 1-62
2022-05-26 22:51:49,097 INFO o.a.j.t.JMeterThread: Thread finished: Thread Group 1-62
2022-05-26 22:51:49,254 INFO o.a.j.t.JMeterThread: Thread is done: Thread Group 1-61
2022-05-26 22:51:49,254 INFO o.a.j.t.JMeterThread: Thread finished: Thread Group 1-61
2022-05-26 22:51:49,465 INFO o.a.j.t.JMeterThread: Thread is done: Thread Group 1-110
2022-05-26 22:51:49,465 INFO o.a.j.t.JMeterThread: Thread finished: Thread Group 1-110
2022-05-26 22:51:49,527 INFO o.a.j.t.JMeterThread: Thread is done: Thread Group 1-96
2022-05-26 22:51:49,527 INFO o.a.j.t.JMeterThread: Thread finished: Thread Group 1-96
2022-05-26 22:51:49,944 INFO o.a.j.t.JMeterThread: Thread is done: Thread Group 1-73
2022-05-26 22:51:49,944 INFO o.a.j.t.JMeterThread: Thread finished: Thread Group 1-73
2022-05-26 22:51:49,945 INFO o.a.j.t.JMeterThread: Thread is done: Thread Group 1-99
2022-05-26 22:51:49,945 INFO o.a.j.t.JMeterThread: Thread finished: Thread Group 1-99
2022-05-26 22:51:50,558 INFO o.a.j.t.JMeterThread: Thread is done: Thread Group 1-59
2022-05-26 22:51:50,558 INFO o.a.j.t.JMeterThread: Thread finished: Thread Group 1-59
2022-05-26 22:51:50,613 INFO o.a.j.t.JMeterThread: Thread is done: Thread Group 1-65
2022-05-26 22:51:50,613 INFO o.a.j.t.JMeterThread: Thread finished: Thread Group 1-65
2022-05-26 22:51:50,657 INFO o.a.j.t.JMeterThread: Thread is done: Thread Group 1-118
2022-05-26 22:51:50,657 INFO o.a.j.t.JMeterThread: Thread finished: Thread Group 1-118
2022-05-26 22:51:50,903 INFO o.a.j.t.JMeterThread: Thread is done: Thread Group 1-67
2022-05-26 22:51:50,903 INFO o.a.j.t.JMeterThread: Thread finished: Thread Group 1-67
2022-05-26 22:51:50,904 INFO o.a.j.t.JMeterThread: Thread is done: Thread Group 1-95
2022-05-26 22:51:50,904 INFO o.a.j.t.JMeterThread: Thread finished: Thread Group 1-95
2022-05-26 22:51:51,261 INFO o.a.j.t.JMeterThread: Thread is done: Thread Group 1-101
2022-05-26 22:51:51,261 INFO o.a.j.t.JMeterThread: Thread finished: Thread Group 1-101
2022-05-26 22:51:51,282 INFO o.a.j.t.JMeterThread: Thread is done: Thread Group 1-122
2022-05-26 22:51:51,282 INFO o.a.j.t.JMeterThread: Thread finished: Thread Group 1-122
2022-05-26 22:51:51,303 INFO o.a.j.t.JMeterThread: Thread is done: Thread Group 1-88
2022-05-26 22:51:51,303 INFO o.a.j.t.JMeterThread: Thread finished: Thread Group 1-88
2022-05-26 22:51:51,451 INFO o.a.j.t.JMeterThread: Thread is done: Thread Group 1-90
2022-05-26 22:51:51,451 INFO o.a.j.t.JMeterThread: Thread finished: Thread Group 1-90
2022-05-26 22:51:51,725 INFO o.a.j.t.JMeterThread: Thread is done: Thread Group 1-121
2022-05-26 22:51:51,725 INFO o.a.j.t.JMeterThread: Thread finished: Thread Group 1-121
2022-05-26 22:51:52,074 INFO o.a.j.t.JMeterThread: Thread is done: Thread Group 1-113
2022-05-26 22:51:52,074 INFO o.a.j.t.JMeterThread: Thread finished: Thread Group 1-113
2022-05-26 22:51:52,181 INFO o.a.j.t.JMeterThread: Thread is done: Thread Group 1-123
2022-05-26 22:51:52,181 INFO o.a.j.t.JMeterThread: Thread finished: Thread Group 1-123
2022-05-26 22:51:52,265 INFO o.a.j.t.JMeterThread: Thread is done: Thread Group 1-83
2022-05-26 22:51:52,265 INFO o.a.j.t.JMeterThread: Thread finished: Thread Group 1-83
2022-05-26 22:51:52,276 INFO o.a.j.t.JMeterThread: Thread is done: Thread Group 1-78
2022-05-26 22:51:52,276 INFO o.a.j.t.JMeterThread: Thread finished: Thread Group 1-78
2022-05-26 22:51:52,282 INFO o.a.j.t.JMeterThread: Thread is done: Thread Group 1-103
2022-05-26 22:51:52,282 INFO o.a.j.t.JMeterThread: Thread finished: Thread Group 1-103
2022-05-26 22:51:52,361 INFO o.a.j.t.JMeterThread: Thread is done: Thread Group 1-89
2022-05-26 22:51:52,361 INFO o.a.j.t.JMeterThread: Thread finished: Thread Group 1-89
2022-05-26 22:51:52,364 INFO o.a.j.t.JMeterThread: Thread is done: Thread Group 1-92
2022-05-26 22:51:52,364 INFO o.a.j.t.JMeterThread: Thread finished: Thread Group 1-92
2022-05-26 22:51:52,370 INFO o.a.j.t.JMeterThread: Thread is done: Thread Group 1-82
2022-05-26 22:51:52,370 INFO o.a.j.t.JMeterThread: Thread finished: Thread Group 1-82
2022-05-26 22:51:52,408 INFO o.a.j.t.JMeterThread: Thread is done: Thread Group 1-93
2022-05-26 22:51:52,408 INFO o.a.j.t.JMeterThread: Thread finished: Thread Group 1-93
2022-05-26 22:51:52,446 INFO o.a.j.t.JMeterThread: Thread is done: Thread Group 1-97
2022-05-26 22:51:52,446 INFO o.a.j.t.JMeterThread: Thread finished: Thread Group 1-97
2022-05-26 22:51:52,522 INFO o.a.j.t.JMeterThread: Thread is done: Thread Group 1-80
2022-05-26 22:51:52,522 INFO o.a.j.t.JMeterThread: Thread finished: Thread Group 1-80
2022-05-26 22:51:52,535 INFO o.a.j.t.JMeterThread: Thread is done: Thread Group 1-100
2022-05-26 22:51:52,535 INFO o.a.j.t.JMeterThread: Thread finished: Thread Group 1-100
2022-05-26 22:51:52,574 INFO o.a.j.t.JMeterThread: Thread is done: Thread Group 1-58
2022-05-26 22:51:52,574 INFO o.a.j.t.JMeterThread: Thread finished: Thread Group 1-58
2022-05-26 22:51:52,669 INFO o.a.j.t.JMeterThread: Thread is done: Thread Group 1-109
2022-05-26 22:51:52,669 INFO o.a.j.t.JMeterThread: Thread finished: Thread Group 1-109
2022-05-26 22:51:52,714 INFO o.a.j.t.JMeterThread: Thread is done: Thread Group 1-85
2022-05-26 22:51:52,714 INFO o.a.j.t.JMeterThread: Thread finished: Thread Group 1-85
2022-05-26 22:51:52,729 INFO o.a.j.t.JMeterThread: Thread is done: Thread Group 1-86
2022-05-26 22:51:52,729 INFO o.a.j.t.JMeterThread: Thread finished: Thread Group 1-86
2022-05-26 22:51:52,847 INFO o.a.j.t.JMeterThread: Thread is done: Thread Group 1-77
2022-05-26 22:51:52,847 INFO o.a.j.t.JMeterThread: Thread finished: Thread Group 1-77
2022-05-26 22:51:52,868 INFO o.a.j.t.JMeterThread: Thread is done: Thread Group 1-106
2022-05-26 22:51:52,868 INFO o.a.j.t.JMeterThread: Thread finished: Thread Group 1-106
2022-05-26 22:51:52,954 INFO o.a.j.t.JMeterThread: Thread is done: Thread Group 1-116
2022-05-26 22:51:52,954 INFO o.a.j.t.JMeterThread: Thread finished: Thread Group 1-116
2022-05-26 22:51:53,160 INFO o.a.j.t.JMeterThread: Thread is done: Thread Group 1-124
2022-05-26 22:51:53,161 INFO o.a.j.t.JMeterThread: Thread finished: Thread Group 1-124
2022-05-26 22:51:53,195 INFO o.a.j.t.JMeterThread: Thread is done: Thread Group 1-98
2022-05-26 22:51:53,195 INFO o.a.j.t.JMeterThread: Thread finished: Thread Group 1-98
2022-05-26 22:51:53,228 INFO o.a.j.t.JMeterThread: Thread is done: Thread Group 1-105
2022-05-26 22:51:53,228 INFO o.a.j.t.JMeterThread: Thread finished: Thread Group 1-105
2022-05-26 22:51:53,290 INFO o.a.j.t.JMeterThread: Thread is done: Thread Group 1-91
2022-05-26 22:51:53,290 INFO o.a.j.t.JMeterThread: Thread finished: Thread Group 1-91
2022-05-26 22:51:53,330 INFO o.a.j.t.JMeterThread: Thread is done: Thread Group 1-104
2022-05-26 22:51:53,330 INFO o.a.j.t.JMeterThread: Thread finished: Thread Group 1-104
2022-05-26 22:51:53,432 INFO o.a.j.t.JMeterThread: Thread is done: Thread Group 1-128
2022-05-26 22:51:53,432 INFO o.a.j.t.JMeterThread: Thread finished: Thread Group 1-128
2022-05-26 22:51:53,520 INFO o.a.j.t.JMeterThread: Thread is done: Thread Group 1-112
2022-05-26 22:51:53,520 INFO o.a.j.t.JMeterThread: Thread finished: Thread Group 1-112
2022-05-26 22:51:53,638 INFO o.a.j.t.JMeterThread: Thread is done: Thread Group 1-114
2022-05-26 22:51:53,638 INFO o.a.j.t.JMeterThread: Thread finished: Thread Group 1-114
2022-05-26 22:51:53,739 INFO o.a.j.t.JMeterThread: Thread is done: Thread Group 1-111
2022-05-26 22:51:53,740 INFO o.a.j.t.JMeterThread: Thread finished: Thread Group 1-111
2022-05-26 22:51:53,761 INFO o.a.j.t.JMeterThread: Thread is done: Thread Group 1-125
2022-05-26 22:51:53,761 INFO o.a.j.t.JMeterThread: Thread finished: Thread Group 1-125
2022-05-26 22:51:53,997 INFO o.a.j.t.JMeterThread: Thread is done: Thread Group 1-120
2022-05-26 22:51:53,997 INFO o.a.j.t.JMeterThread: Thread finished: Thread Group 1-120
2022-05-26 22:51:54,036 INFO o.a.j.t.JMeterThread: Thread is done: Thread Group 1-107
2022-05-26 22:51:54,036 INFO o.a.j.t.JMeterThread: Thread finished: Thread Group 1-107
2022-05-26 22:51:54,058 INFO o.a.j.t.JMeterThread: Thread is done: Thread Group 1-115
2022-05-26 22:51:54,059 INFO o.a.j.t.JMeterThread: Thread finished: Thread Group 1-115
2022-05-26 22:51:54,147 INFO o.a.j.t.JMeterThread: Thread is done: Thread Group 1-119
2022-05-26 22:51:54,147 INFO o.a.j.t.JMeterThread: Thread finished: Thread Group 1-119
2022-05-26 22:51:54,520 INFO o.a.j.t.JMeterThread: Thread is done: Thread Group 1-126
2022-05-26 22:51:54,520 INFO o.a.j.t.JMeterThread: Thread finished: Thread Group 1-126
2022-05-26 22:51:54,630 INFO o.a.j.t.JMeterThread: Thread is done: Thread Group 1-117
2022-05-26 22:51:54,630 INFO o.a.j.t.JMeterThread: Thread finished: Thread Group 1-117
2022-05-26 22:51:56,955 INFO o.a.j.t.JMeterThread: Thread is done: Thread Group 1-127
2022-05-26 22:51:56,955 INFO o.a.j.t.JMeterThread: Thread finished: Thread Group 1-127
2022-05-26 22:52:02,450 INFO o.a.j.r.Summariser: summary +    271 in 00:00:32 =    8.4/s Avg:  8450 Min:   564 Max: 43707 Err:     0 (0.00%) Active: 1 Started: 128 Finished: 127
2022-05-26 22:52:02,450 INFO o.a.j.r.Summariser: summary =  13184 in 00:23:37 =    9.3/s Avg: 13370 Min:   564 Max: 55988 Err:     0 (0.00%)
2022-05-26 22:52:02,450 INFO o.a.j.t.JMeterThread: Thread is done: Thread Group 1-108
2022-05-26 22:52:02,451 INFO o.a.j.t.JMeterThread: Thread finished: Thread Group 1-108
2022-05-26 22:52:02,451 INFO o.a.j.e.StandardJMeterEngine: Notifying test listeners of end of test
2022-05-26 22:52:02,456 INFO o.a.j.r.Summariser: summary =  13184 in 00:23:37 =    9.3/s Avg: 13370 Min:   564 Max: 55988 Err:     0 (0.00%)
